[14:50:18:423] [WARN] - org.springframework.beans.factory.annotation.AutowiredAnnotationBeanPostProcessor$3.doWith(AutowiredAnnotationBeanPostProcessor.java:461) - Autowired annotation is not supported on static methods: public static void com.smart.ssp.lite.SmartApplication.main(java.lang.String[])
[14:54:07:358] [WARN] - org.springframework.beans.factory.annotation.AutowiredAnnotationBeanPostProcessor$3.doWith(AutowiredAnnotationBeanPostProcessor.java:461) - Autowired annotation is not supported on static methods: public static void com.smart.ssp.lite.SmartApplication.main(java.lang.String[])
[14:55:54:138] [WARN] - org.springframework.beans.factory.annotation.AutowiredAnnotationBeanPostProcessor$3.doWith(AutowiredAnnotationBeanPostProcessor.java:461) - Autowired annotation is not supported on static methods: public static void com.smart.ssp.lite.SmartApplication.main(java.lang.String[])
[14:57:21:189] [WARN] - org.springframework.beans.factory.annotation.AutowiredAnnotationBeanPostProcessor$3.doWith(AutowiredAnnotationBeanPostProcessor.java:461) - Autowired annotation is not supported on static methods: public static void com.smart.ssp.lite.SmartApplication.main(java.lang.String[])
[15:13:26:289] [WARN] - org.springframework.beans.factory.annotation.AutowiredAnnotationBeanPostProcessor$3.doWith(AutowiredAnnotationBeanPostProcessor.java:461) - Autowired annotation is not supported on static methods: public static void com.smart.ssp.lite.SmartApplication.main(java.lang.String[])
[15:15:01:677] [WARN] - org.springframework.beans.factory.annotation.AutowiredAnnotationBeanPostProcessor$3.doWith(AutowiredAnnotationBeanPostProcessor.java:461) - Autowired annotation is not supported on static methods: public static void com.smart.ssp.lite.SmartApplication.main(java.lang.String[])
[15:18:23:318] [WARN] - org.springframework.beans.factory.annotation.AutowiredAnnotationBeanPostProcessor$3.doWith(AutowiredAnnotationBeanPostProcessor.java:461) - Autowired annotation is not supported on static methods: public static void com.smart.ssp.lite.SmartApplication.main(java.lang.String[])
[15:20:38:739] [WARN] - org.springframework.beans.factory.annotation.AutowiredAnnotationBeanPostProcessor$3.doWith(AutowiredAnnotationBeanPostProcessor.java:461) - Autowired annotation is not supported on static methods: public static void com.smart.ssp.lite.SmartApplication.main(java.lang.String[])
[15:42:41:707] [WARN] - org.springframework.beans.factory.annotation.AutowiredAnnotationBeanPostProcessor$3.doWith(AutowiredAnnotationBeanPostProcessor.java:461) - Autowired annotation is not supported on static methods: public static void com.smart.ssp.lite.SmartApplication.main(java.lang.String[])
[15:52:24:392] [WARN] - org.springframework.beans.factory.annotation.AutowiredAnnotationBeanPostProcessor$3.doWith(AutowiredAnnotationBeanPostProcessor.java:461) - Autowired annotation is not supported on static methods: public static void com.smart.ssp.lite.SmartApplication.main(java.lang.String[])
[15:52:25:683] [WARN] - org.springframework.context.support.AbstractApplicationContext.refresh(AbstractApplicationContext.java:551) - Exception encountered during context initialization - cancelling refresh attempt: org.springframework.beans.factory.BeanCreationException: Error creating bean with name 'tk.mybatis.mapper.autoconfigure.MapperAutoConfiguration': Invocation of init method failed; nested exception is org.apache.ibatis.builder.IncompleteElementException: Could not find parameter map com.smart.ssp.lite.mapper.SilverMapper.silverVO
[15:52:25:707] [ERROR] - org.springframework.boot.SpringApplication.reportFailure(SpringApplication.java:771) - Application startup failed
org.springframework.beans.factory.BeanCreationException: Error creating bean with name 'tk.mybatis.mapper.autoconfigure.MapperAutoConfiguration': Invocation of init method failed; nested exception is org.apache.ibatis.builder.IncompleteElementException: Could not find parameter map com.smart.ssp.lite.mapper.SilverMapper.silverVO
	at org.springframework.beans.factory.annotation.InitDestroyAnnotationBeanPostProcessor.postProcessBeforeInitialization(InitDestroyAnnotationBeanPostProcessor.java:137) ~[spring-beans-4.3.13.RELEASE.jar:4.3.13.RELEASE]
	at org.springframework.beans.factory.support.AbstractAutowireCapableBeanFactory.applyBeanPostProcessorsBeforeInitialization(AbstractAutowireCapableBeanFactory.java:409) ~[spring-beans-4.3.13.RELEASE.jar:4.3.13.RELEASE]
	at org.springframework.beans.factory.support.AbstractAutowireCapableBeanFactory.initializeBean(AbstractAutowireCapableBeanFactory.java:1620) ~[spring-beans-4.3.13.RELEASE.jar:4.3.13.RELEASE]
	at org.springframework.beans.factory.support.AbstractAutowireCapableBeanFactory.doCreateBean(AbstractAutowireCapableBeanFactory.java:555) ~[spring-beans-4.3.13.RELEASE.jar:4.3.13.RELEASE]
	at org.springframework.beans.factory.support.AbstractAutowireCapableBeanFactory.createBean(AbstractAutowireCapableBeanFactory.java:483) ~[spring-beans-4.3.13.RELEASE.jar:4.3.13.RELEASE]
	at org.springframework.beans.factory.support.AbstractBeanFactory$1.getObject(AbstractBeanFactory.java:306) ~[spring-beans-4.3.13.RELEASE.jar:4.3.13.RELEASE]
	at org.springframework.beans.factory.support.DefaultSingletonBeanRegistry.getSingleton(DefaultSingletonBeanRegistry.java:230) ~[spring-beans-4.3.13.RELEASE.jar:4.3.13.RELEASE]
	at org.springframework.beans.factory.support.AbstractBeanFactory.doGetBean(AbstractBeanFactory.java:302) ~[spring-beans-4.3.13.RELEASE.jar:4.3.13.RELEASE]
	at org.springframework.beans.factory.support.AbstractBeanFactory.getBean(AbstractBeanFactory.java:197) ~[spring-beans-4.3.13.RELEASE.jar:4.3.13.RELEASE]
	at org.springframework.beans.factory.support.DefaultListableBeanFactory.preInstantiateSingletons(DefaultListableBeanFactory.java:761) ~[spring-beans-4.3.13.RELEASE.jar:4.3.13.RELEASE]
	at org.springframework.context.support.AbstractApplicationContext.finishBeanFactoryInitialization(AbstractApplicationContext.java:867) ~[spring-context-4.3.13.RELEASE.jar:4.3.13.RELEASE]
	at org.springframework.context.support.AbstractApplicationContext.refresh(AbstractApplicationContext.java:543) ~[spring-context-4.3.13.RELEASE.jar:4.3.13.RELEASE]
	at org.springframework.boot.context.embedded.EmbeddedWebApplicationContext.refresh(EmbeddedWebApplicationContext.java:122) ~[spring-boot-1.5.9.RELEASE.jar:1.5.9.RELEASE]
	at org.springframework.boot.SpringApplication.refresh(SpringApplication.java:693) [spring-boot-1.5.9.RELEASE.jar:1.5.9.RELEASE]
	at org.springframework.boot.SpringApplication.refreshContext(SpringApplication.java:360) [spring-boot-1.5.9.RELEASE.jar:1.5.9.RELEASE]
	at org.springframework.boot.SpringApplication.run(SpringApplication.java:303) [spring-boot-1.5.9.RELEASE.jar:1.5.9.RELEASE]
	at org.springframework.boot.SpringApplication.run(SpringApplication.java:1118) [spring-boot-1.5.9.RELEASE.jar:1.5.9.RELEASE]
	at org.springframework.boot.SpringApplication.run(SpringApplication.java:1107) [spring-boot-1.5.9.RELEASE.jar:1.5.9.RELEASE]
	at com.smart.ssp.lite.SmartApplication.main(SmartApplication.java:22) [classes/:?]
	at sun.reflect.NativeMethodAccessorImpl.invoke0(Native Method) ~[?:1.8.0_151]
	at sun.reflect.NativeMethodAccessorImpl.invoke(NativeMethodAccessorImpl.java:62) ~[?:1.8.0_151]
	at sun.reflect.DelegatingMethodAccessorImpl.invoke(DelegatingMethodAccessorImpl.java:43) ~[?:1.8.0_151]
	at java.lang.reflect.Method.invoke(Method.java:498) ~[?:1.8.0_151]
	at org.springframework.boot.devtools.restart.RestartLauncher.run(RestartLauncher.java:49) [spring-boot-devtools-1.5.9.RELEASE.jar:1.5.9.RELEASE]
Caused by: org.apache.ibatis.builder.IncompleteElementException: Could not find parameter map com.smart.ssp.lite.mapper.SilverMapper.silverVO
	at org.apache.ibatis.builder.MapperBuilderAssistant.getStatementParameterMap(MapperBuilderAssistant.java:320) ~[mybatis-3.4.5.jar:3.4.5]
	at org.apache.ibatis.builder.MapperBuilderAssistant.addMappedStatement(MapperBuilderAssistant.java:296) ~[mybatis-3.4.5.jar:3.4.5]
	at org.apache.ibatis.builder.xml.XMLStatementBuilder.parseStatementNode(XMLStatementBuilder.java:109) ~[mybatis-3.4.5.jar:3.4.5]
	at org.apache.ibatis.session.Configuration.buildAllStatements(Configuration.java:788) ~[mybatis-3.4.5.jar:3.4.5]
	at org.apache.ibatis.session.Configuration.getMappedStatements(Configuration.java:677) ~[mybatis-3.4.5.jar:3.4.5]
	at tk.mybatis.mapper.mapperhelper.MapperHelper.processConfiguration(MapperHelper.java:306) ~[mapper-3.4.3.jar:?]
	at tk.mybatis.mapper.mapperhelper.MapperHelper.processConfiguration(MapperHelper.java:290) ~[mapper-3.4.3.jar:?]
	at tk.mybatis.mapper.autoconfigure.MapperAutoConfiguration.addPageInterceptor(MapperAutoConfiguration.java:75) ~[mapper-spring-boot-autoconfigure-1.1.4.jar:?]
	at sun.reflect.NativeMethodAccessorImpl.invoke0(Native Method) ~[?:1.8.0_151]
	at sun.reflect.NativeMethodAccessorImpl.invoke(NativeMethodAccessorImpl.java:62) ~[?:1.8.0_151]
	at sun.reflect.DelegatingMethodAccessorImpl.invoke(DelegatingMethodAccessorImpl.java:43) ~[?:1.8.0_151]
	at java.lang.reflect.Method.invoke(Method.java:498) ~[?:1.8.0_151]
	at org.springframework.beans.factory.annotation.InitDestroyAnnotationBeanPostProcessor$LifecycleElement.invoke(InitDestroyAnnotationBeanPostProcessor.java:366) ~[spring-beans-4.3.13.RELEASE.jar:4.3.13.RELEASE]
	at org.springframework.beans.factory.annotation.InitDestroyAnnotationBeanPostProcessor$LifecycleMetadata.invokeInitMethods(InitDestroyAnnotationBeanPostProcessor.java:311) ~[spring-beans-4.3.13.RELEASE.jar:4.3.13.RELEASE]
	at org.springframework.beans.factory.annotation.InitDestroyAnnotationBeanPostProcessor.postProcessBeforeInitialization(InitDestroyAnnotationBeanPostProcessor.java:134) ~[spring-beans-4.3.13.RELEASE.jar:4.3.13.RELEASE]
	... 23 more
Caused by: java.lang.IllegalArgumentException: Parameter Maps collection does not contain value for com.smart.ssp.lite.mapper.SilverMapper.silverVO
	at org.apache.ibatis.session.Configuration$StrictMap.get(Configuration.java:888) ~[mybatis-3.4.5.jar:3.4.5]
	at org.apache.ibatis.session.Configuration.getParameterMap(Configuration.java:660) ~[mybatis-3.4.5.jar:3.4.5]
	at org.apache.ibatis.builder.MapperBuilderAssistant.getStatementParameterMap(MapperBuilderAssistant.java:318) ~[mybatis-3.4.5.jar:3.4.5]
	at org.apache.ibatis.builder.MapperBuilderAssistant.addMappedStatement(MapperBuilderAssistant.java:296) ~[mybatis-3.4.5.jar:3.4.5]
	at org.apache.ibatis.builder.xml.XMLStatementBuilder.parseStatementNode(XMLStatementBuilder.java:109) ~[mybatis-3.4.5.jar:3.4.5]
	at org.apache.ibatis.session.Configuration.buildAllStatements(Configuration.java:788) ~[mybatis-3.4.5.jar:3.4.5]
	at org.apache.ibatis.session.Configuration.getMappedStatements(Configuration.java:677) ~[mybatis-3.4.5.jar:3.4.5]
	at tk.mybatis.mapper.mapperhelper.MapperHelper.processConfiguration(MapperHelper.java:306) ~[mapper-3.4.3.jar:?]
	at tk.mybatis.mapper.mapperhelper.MapperHelper.processConfiguration(MapperHelper.java:290) ~[mapper-3.4.3.jar:?]
	at tk.mybatis.mapper.autoconfigure.MapperAutoConfiguration.addPageInterceptor(MapperAutoConfiguration.java:75) ~[mapper-spring-boot-autoconfigure-1.1.4.jar:?]
	at sun.reflect.NativeMethodAccessorImpl.invoke0(Native Method) ~[?:1.8.0_151]
	at sun.reflect.NativeMethodAccessorImpl.invoke(NativeMethodAccessorImpl.java:62) ~[?:1.8.0_151]
	at sun.reflect.DelegatingMethodAccessorImpl.invoke(DelegatingMethodAccessorImpl.java:43) ~[?:1.8.0_151]
	at java.lang.reflect.Method.invoke(Method.java:498) ~[?:1.8.0_151]
	at org.springframework.beans.factory.annotation.InitDestroyAnnotationBeanPostProcessor$LifecycleElement.invoke(InitDestroyAnnotationBeanPostProcessor.java:366) ~[spring-beans-4.3.13.RELEASE.jar:4.3.13.RELEASE]
	at org.springframework.beans.factory.annotation.InitDestroyAnnotationBeanPostProcessor$LifecycleMetadata.invokeInitMethods(InitDestroyAnnotationBeanPostProcessor.java:311) ~[spring-beans-4.3.13.RELEASE.jar:4.3.13.RELEASE]
	at org.springframework.beans.factory.annotation.InitDestroyAnnotationBeanPostProcessor.postProcessBeforeInitialization(InitDestroyAnnotationBeanPostProcessor.java:134) ~[spring-beans-4.3.13.RELEASE.jar:4.3.13.RELEASE]
	... 23 more
[15:53:18:845] [WARN] - org.springframework.beans.factory.annotation.AutowiredAnnotationBeanPostProcessor$3.doWith(AutowiredAnnotationBeanPostProcessor.java:461) - Autowired annotation is not supported on static methods: public static void com.smart.ssp.lite.SmartApplication.main(java.lang.String[])
[16:02:03:283] [WARN] - org.springframework.beans.factory.annotation.AutowiredAnnotationBeanPostProcessor$3.doWith(AutowiredAnnotationBeanPostProcessor.java:461) - Autowired annotation is not supported on static methods: public static void com.smart.ssp.lite.SmartApplication.main(java.lang.String[])
[16:07:05:467] [WARN] - org.springframework.beans.factory.annotation.AutowiredAnnotationBeanPostProcessor$3.doWith(AutowiredAnnotationBeanPostProcessor.java:461) - Autowired annotation is not supported on static methods: public static void com.smart.ssp.lite.SmartApplication.main(java.lang.String[])
